# JRE version: 7.0_21-b11
# Java VM: Java HotSpot(TM) 64-Bit Server VM (23.21-b01 mixed mode windows-amd64 compressed oops)
Heap
 PSYoungGen      total 68480K, used 29962K [0x00000000eaab0000, 0x00000000f3370000, 0x0000000100000000)
  eden space 65792K, 41% used [0x00000000eaab0000,0x00000000ec55aaa8,0x00000000eeaf0000)
  from space 2688K, 98% used [0x00000000eeaf0000,0x00000000eed88020,0x00000000eed90000)
  to   space 4224K, 0% used [0x00000000f2f50000,0x00000000f2f50000,0x00000000f3370000)
 ParOldGen       total 43712K, used 2632K [0x00000000c0000000, 0x00000000c2ab0000, 0x00000000eaab0000)
  object space 43712K, 6% used [0x00000000c0000000,0x00000000c0292138,0x00000000c2ab0000)
 PSPermGen       total 21248K, used 15988K [0x00000000bae00000, 0x00000000bc2c0000, 0x00000000c0000000)
  object space 21248K, 75% used [0x00000000bae00000,0x00000000bbd9d0b0,0x00000000bc2c0000)
GC Heap History (10 events):
Event: 1.180 GC heap before
{Heap before GC invocations=1 (full 0):
 PSYoungGen      total 19136K, used 16448K [0x00000000eaab0000, 0x00000000ec000000, 0x0000000100000000)
  eden space 16448K, 100% used [0x00000000eaab0000,0x00000000ebac0000,0x00000000ebac0000)
  from space 2688K, 0% used [0x00000000ebd60000,0x00000000ebd60000,0x00000000ec000000)
  to   space 2688K, 0% used [0x00000000ebac0000,0x00000000ebac0000,0x00000000ebd60000)
 ParOldGen       total 43712K, used 0K [0x00000000c0000000, 0x00000000c2ab0000, 0x00000000eaab0000)
  object space 43712K, 0% used [0x00000000c0000000,0x00000000c0000000,0x00000000c2ab0000)
 PSPermGen       total 21248K, used 11619K [0x00000000bae00000, 0x00000000bc2c0000, 0x00000000c0000000)
  object space 21248K, 54% used [0x00000000bae00000,0x00000000bb958f78,0x00000000bc2c0000)
Event: 1.195 GC heap after
Heap after GC invocations=1 (full 0):
 PSYoungGen      total 19136K, used 2659K [0x00000000eaab0000, 0x00000000ed010000, 0x0000000100000000)
  eden space 16448K, 0% used [0x00000000eaab0000,0x00000000eaab0000,0x00000000ebac0000)
  from space 2688K, 98% used [0x00000000ebac0000,0x00000000ebd58f08,0x00000000ebd60000)
  to   space 2688K, 0% used [0x00000000ecd70000,0x00000000ecd70000,0x00000000ed010000)
 ParOldGen       total 43712K, used 100K [0x00000000c0000000, 0x00000000c2ab0000, 0x00000000eaab0000)
  object space 43712K, 0% used [0x00000000c0000000,0x00000000c0019380,0x00000000c2ab0000)
 PSPermGen       total 21248K, used 11619K [0x00000000bae00000, 0x00000000bc2c0000, 0x00000000c0000000)
  object space 21248K, 54% used [0x00000000bae00000,0x00000000bb958f78,0x00000000bc2c0000)
}
Event: 1.603 GC heap before
{Heap before GC invocations=2 (full 0):
 PSYoungGen      total 19136K, used 18654K [0x00000000eaab0000, 0x00000000ed010000, 0x0000000100000000)
  eden space 16448K, 97% used [0x00000000eaab0000,0x00000000eba4e9e0,0x00000000ebac0000)
  from space 2688K, 98% used [0x00000000ebac0000,0x00000000ebd58f08,0x00000000ebd60000)
  to   space 2688K, 0% used [0x00000000ecd70000,0x00000000ecd70000,0x00000000ed010000)
 ParOldGen       total 43712K, used 100K [0x00000000c0000000, 0x00000000c2ab0000, 0x00000000eaab0000)
  object space 43712K, 0% used [0x00000000c0000000,0x00000000c0019380,0x00000000c2ab0000)
 PSPermGen       total 21248K, used 12823K [0x00000000bae00000, 0x00000000bc2c0000, 0x00000000c0000000)
  object space 21248K, 60% used [0x00000000bae00000,0x00000000bba85c68,0x00000000bc2c0000)
Event: 1.615 GC heap after
Heap after GC invocations=2 (full 0):
 PSYoungGen      total 35584K, used 2488K [0x00000000eaab0000, 0x00000000ed010000, 0x0000000100000000)
  eden space 32896K, 0% used [0x00000000eaab0000,0x00000000eaab0000,0x00000000ecad0000)
  from space 2688K, 92% used [0x00000000ecd70000,0x00000000ecfde210,0x00000000ed010000)
  to   space 2688K, 0% used [0x00000000ecad0000,0x00000000ecad0000,0x00000000ecd70000)
 ParOldGen       total 43712K, used 611K [0x00000000c0000000, 0x00000000c2ab0000, 0x00000000eaab0000)
  object space 43712K, 1% used [0x00000000c0000000,0x00000000c0098f90,0x00000000c2ab0000)
 PSPermGen       total 21248K, used 12823K [0x00000000bae00000, 0x00000000bc2c0000, 0x00000000c0000000)
  object space 21248K, 60% used [0x00000000bae00000,0x00000000bba85c68,0x00000000bc2c0000)
}
Event: 2.205 GC heap before
{Heap before GC invocations=3 (full 0):
 PSYoungGen      total 35584K, used 35384K [0x00000000eaab0000, 0x00000000ed010000, 0x0000000100000000)
  eden space 32896K, 100% used [0x00000000eaab0000,0x00000000ecad0000,0x00000000ecad0000)
  from space 2688K, 92% used [0x00000000ecd70000,0x00000000ecfde210,0x00000000ed010000)
  to   space 2688K, 0% used [0x00000000ecad0000,0x00000000ecad0000,0x00000000ecd70000)
 ParOldGen       total 43712K, used 611K [0x00000000c0000000, 0x00000000c2ab0000, 0x00000000eaab0000)
  object space 43712K, 1% used [0x00000000c0000000,0x00000000c0098f90,0x00000000c2ab0000)
 PSPermGen       total 21248K, used 15905K [0x00000000bae00000, 0x00000000bc2c0000, 0x00000000c0000000)
  object space 21248K, 74% used [0x00000000bae00000,0x00000000bbd88728,0x00000000bc2c0000)
Event: 2.214 GC heap after
Heap after GC invocations=3 (full 0):
 PSYoungGen      total 35584K, used 2673K [0x00000000eaab0000, 0x00000000ef030000, 0x0000000100000000)
  eden space 32896K, 0% used [0x00000000eaab0000,0x00000000eaab0000,0x00000000ecad0000)
  from space 2688K, 99% used [0x00000000ecad0000,0x00000000ecd6c6f8,0x00000000ecd70000)
  to   space 2688K, 0% used [0x00000000eed90000,0x00000000eed90000,0x00000000ef030000)
 ParOldGen       total 43712K, used 979K [0x00000000c0000000, 0x00000000c2ab0000, 0x00000000eaab0000)
  object space 43712K, 2% used [0x00000000c0000000,0x00000000c00f4ef8,0x00000000c2ab0000)
 PSPermGen       total 21248K, used 15905K [0x00000000bae00000, 0x00000000bc2c0000, 0x00000000c0000000)
  object space 21248K, 74% used [0x00000000bae00000,0x00000000bbd88728,0x00000000bc2c0000)
}
Event: 2.448 GC heap before
{Heap before GC invocations=4 (full 0):
 PSYoungGen      total 35584K, used 35569K [0x00000000eaab0000, 0x00000000ef030000, 0x0000000100000000)
  eden space 32896K, 100% used [0x00000000eaab0000,0x00000000ecad0000,0x00000000ecad0000)
  from space 2688K, 99% used [0x00000000ecad0000,0x00000000ecd6c6f8,0x00000000ecd70000)
  to   space 2688K, 0% used [0x00000000eed90000,0x00000000eed90000,0x00000000ef030000)
 ParOldGen       total 43712K, used 979K [0x00000000c0000000, 0x00000000c2ab0000, 0x00000000eaab0000)
  object space 43712K, 2% used [0x00000000c0000000,0x00000000c00f4ef8,0x00000000c2ab0000)
 PSPermGen       total 21248K, used 15930K [0x00000000bae00000, 0x00000000bc2c0000, 0x00000000c0000000)
  object space 21248K, 74% used [0x00000000bae00000,0x00000000bbd8e948,0x00000000bc2c0000)
Event: 2.464 GC heap after
Heap after GC invocations=4 (full 0):
 PSYoungGen      total 68480K, used 2656K [0x00000000eaab0000, 0x00000000ef030000, 0x0000000100000000)
  eden space 65792K, 0% used [0x00000000eaab0000,0x00000000eaab0000,0x00000000eeaf0000)
  from space 2688K, 98% used [0x00000000eed90000,0x00000000ef028020,0x00000000ef030000)
  to   space 2688K, 0% used [0x00000000eeaf0000,0x00000000eeaf0000,0x00000000eed90000)
 ParOldGen       total 43712K, used 2608K [0x00000000c0000000, 0x00000000c2ab0000, 0x00000000eaab0000)
  object space 43712K, 5% used [0x00000000c0000000,0x00000000c028c138,0x00000000c2ab0000)
 PSPermGen       total 21248K, used 15930K [0x00000000bae00000, 0x00000000bc2c0000, 0x00000000c0000000)
  object space 21248K, 74% used [0x00000000bae00000,0x00000000bbd8e948,0x00000000bc2c0000)
}
Event: 2.607 GC heap before
{Heap before GC invocations=5 (full 0):
 PSYoungGen      total 68480K, used 68448K [0x00000000eaab0000, 0x00000000ef030000, 0x0000000100000000)
  eden space 65792K, 100% used [0x00000000eaab0000,0x00000000eeaf0000,0x00000000eeaf0000)
  from space 2688K, 98% used [0x00000000eed90000,0x00000000ef028020,0x00000000ef030000)
  to   space 2688K, 0% used [0x00000000eeaf0000,0x00000000eeaf0000,0x00000000eed90000)
 ParOldGen       total 43712K, used 2608K [0x00000000c0000000, 0x00000000c2ab0000, 0x00000000eaab0000)
  object space 43712K, 5% used [0x00000000c0000000,0x00000000c028c138,0x00000000c2ab0000)
 PSPermGen       total 21248K, used 15934K [0x00000000bae00000, 0x00000000bc2c0000, 0x00000000c0000000)
  object space 21248K, 74% used [0x00000000bae00000,0x00000000bbd8f9f8,0x00000000bc2c0000)
Event: 2.615 GC heap after
Heap after GC invocations=5 (full 0):
 PSYoungGen      total 68480K, used 2656K [0x00000000eaab0000, 0x00000000f3370000, 0x0000000100000000)
  eden space 65792K, 0% used [0x00000000eaab0000,0x00000000eaab0000,0x00000000eeaf0000)
  from space 2688K, 98% used [0x00000000eeaf0000,0x00000000eed88020,0x00000000eed90000)
  to   space 4224K, 0% used [0x00000000f2f50000,0x00000000f2f50000,0x00000000f3370000)
 ParOldGen       total 43712K, used 2632K [0x00000000c0000000, 0x00000000c2ab0000, 0x00000000eaab0000)
  object space 43712K, 6% used [0x00000000c0000000,0x00000000c0292138,0x00000000c2ab0000)
 PSPermGen       total 21248K, used 15934K [0x00000000bae00000, 0x00000000bc2c0000, 0x00000000c0000000)
  object space 21248K, 74% used [0x00000000bae00000,0x00000000bbd8f9f8,0x00000000bc2c0000)
}

