# JRE version: 7.0_21-b11
# Java VM: Java HotSpot(TM) 64-Bit Server VM (23.21-b01 mixed mode windows-amd64 compressed oops)
Heap
 PSYoungGen      total 69760K, used 61018K [0x00000000eaab0000, 0x00000000ef2d0000, 0x0000000100000000)
  eden space 65792K, 88% used [0x00000000eaab0000,0x00000000ee3aa248,0x00000000eeaf0000)
  from space 3968K, 67% used [0x00000000eeef0000,0x00000000ef18c6f8,0x00000000ef2d0000)
  to   space 4032K, 0% used [0x00000000eeaf0000,0x00000000eeaf0000,0x00000000eeee0000)
 ParOldGen       total 43712K, used 2126K [0x00000000c0000000, 0x00000000c2ab0000, 0x00000000eaab0000)
  object space 43712K, 4% used [0x00000000c0000000,0x00000000c0213948,0x00000000c2ab0000)
 PSPermGen       total 21248K, used 15988K [0x00000000bae00000, 0x00000000bc2c0000, 0x00000000c0000000)
  object space 21248K, 75% used [0x00000000bae00000,0x00000000bbd9d208,0x00000000bc2c0000)
GC Heap History (10 events):
Event: 1.969 GC heap before
{Heap before GC invocations=2 (full 0):
 PSYoungGen      total 19136K, used 19110K [0x00000000eaab0000, 0x00000000ec000000, 0x0000000100000000)
  eden space 16448K, 100% used [0x00000000eaab0000,0x00000000ebac0000,0x00000000ebac0000)
  from space 2688K, 99% used [0x00000000ebac0000,0x00000000ebd59af0,0x00000000ebd60000)
  to   space 2688K, 0% used [0x00000000ebd60000,0x00000000ebd60000,0x00000000ec000000)
 ParOldGen       total 43712K, used 121K [0x00000000c0000000, 0x00000000c2ab0000, 0x00000000eaab0000)
  object space 43712K, 0% used [0x00000000c0000000,0x00000000c001e7b0,0x00000000c2ab0000)
 PSPermGen       total 21248K, used 13917K [0x00000000bae00000, 0x00000000bc2c0000, 0x00000000c0000000)
  object space 21248K, 65% used [0x00000000bae00000,0x00000000bbb97788,0x00000000bc2c0000)
Event: 1.975 GC heap after
Heap after GC invocations=2 (full 0):
 PSYoungGen      total 19136K, used 2561K [0x00000000eaab0000, 0x00000000ed010000, 0x0000000100000000)
  eden space 16448K, 0% used [0x00000000eaab0000,0x00000000eaab0000,0x00000000ebac0000)
  from space 2688K, 95% used [0x00000000ebd60000,0x00000000ebfe06e8,0x00000000ec000000)
  to   space 2688K, 0% used [0x00000000ebac0000,0x00000000ebac0000,0x00000000ebd60000)
 ParOldGen       total 43712K, used 129K [0x00000000c0000000, 0x00000000c2ab0000, 0x00000000eaab0000)
  object space 43712K, 0% used [0x00000000c0000000,0x00000000c00207b0,0x00000000c2ab0000)
 PSPermGen       total 21248K, used 13917K [0x00000000bae00000, 0x00000000bc2c0000, 0x00000000c0000000)
  object space 21248K, 65% used [0x00000000bae00000,0x00000000bbb97788,0x00000000bc2c0000)
}
Event: 2.430 GC heap before
{Heap before GC invocations=3 (full 0):
 PSYoungGen      total 19136K, used 19009K [0x00000000eaab0000, 0x00000000ed010000, 0x0000000100000000)
  eden space 16448K, 100% used [0x00000000eaab0000,0x00000000ebac0000,0x00000000ebac0000)
  from space 2688K, 95% used [0x00000000ebd60000,0x00000000ebfe06e8,0x00000000ec000000)
  to   space 2688K, 0% used [0x00000000ebac0000,0x00000000ebac0000,0x00000000ebd60000)
 ParOldGen       total 43712K, used 129K [0x00000000c0000000, 0x00000000c2ab0000, 0x00000000eaab0000)
  object space 43712K, 0% used [0x00000000c0000000,0x00000000c00207b0,0x00000000c2ab0000)
 PSPermGen       total 21248K, used 15905K [0x00000000bae00000, 0x00000000bc2c0000, 0x00000000c0000000)
  object space 21248K, 74% used [0x00000000bae00000,0x00000000bbd88420,0x00000000bc2c0000)
Event: 2.438 GC heap after
Heap after GC invocations=3 (full 0):
 PSYoungGen      total 19136K, used 2673K [0x00000000eaab0000, 0x00000000ed010000, 0x0000000100000000)
  eden space 16448K, 0% used [0x00000000eaab0000,0x00000000eaab0000,0x00000000ebac0000)
  from space 2688K, 99% used [0x00000000ebac0000,0x00000000ebd5c6f8,0x00000000ebd60000)
  to   space 2688K, 0% used [0x00000000ecd70000,0x00000000ecd70000,0x00000000ed010000)
 ParOldGen       total 43712K, used 489K [0x00000000c0000000, 0x00000000c2ab0000, 0x00000000eaab0000)
  object space 43712K, 1% used [0x00000000c0000000,0x00000000c007a708,0x00000000c2ab0000)
 PSPermGen       total 21248K, used 15905K [0x00000000bae00000, 0x00000000bc2c0000, 0x00000000c0000000)
  object space 21248K, 74% used [0x00000000bae00000,0x00000000bbd88420,0x00000000bc2c0000)
}
Event: 2.490 GC heap before
{Heap before GC invocations=4 (full 0):
 PSYoungGen      total 19136K, used 19121K [0x00000000eaab0000, 0x00000000ed010000, 0x0000000100000000)
  eden space 16448K, 100% used [0x00000000eaab0000,0x00000000ebac0000,0x00000000ebac0000)
  from space 2688K, 99% used [0x00000000ebac0000,0x00000000ebd5c6f8,0x00000000ebd60000)
  to   space 2688K, 0% used [0x00000000ecd70000,0x00000000ecd70000,0x00000000ed010000)
 ParOldGen       total 43712K, used 489K [0x00000000c0000000, 0x00000000c2ab0000, 0x00000000eaab0000)
  object space 43712K, 1% used [0x00000000c0000000,0x00000000c007a708,0x00000000c2ab0000)
 PSPermGen       total 21248K, used 15905K [0x00000000bae00000, 0x00000000bc2c0000, 0x00000000c0000000)
  object space 21248K, 74% used [0x00000000bae00000,0x00000000bbd887f8,0x00000000bc2c0000)
Event: 2.498 GC heap after
Heap after GC invocations=4 (full 0):
 PSYoungGen      total 35584K, used 2673K [0x00000000eaab0000, 0x00000000ed010000, 0x0000000100000000)
  eden space 32896K, 0% used [0x00000000eaab0000,0x00000000eaab0000,0x00000000ecad0000)
  from space 2688K, 99% used [0x00000000ecd70000,0x00000000ed00c6f8,0x00000000ed010000)
  to   space 2688K, 0% used [0x00000000ecad0000,0x00000000ecad0000,0x00000000ecd70000)
 ParOldGen       total 43712K, used 489K [0x00000000c0000000, 0x00000000c2ab0000, 0x00000000eaab0000)
  object space 43712K, 1% used [0x00000000c0000000,0x00000000c007a708,0x00000000c2ab0000)
 PSPermGen       total 21248K, used 15905K [0x00000000bae00000, 0x00000000bc2c0000, 0x00000000c0000000)
  object space 21248K, 74% used [0x00000000bae00000,0x00000000bbd887f8,0x00000000bc2c0000)
}
Event: 2.727 GC heap before
{Heap before GC invocations=5 (full 0):
 PSYoungGen      total 35584K, used 35569K [0x00000000eaab0000, 0x00000000ed010000, 0x0000000100000000)
  eden space 32896K, 100% used [0x00000000eaab0000,0x00000000ecad0000,0x00000000ecad0000)
  from space 2688K, 99% used [0x00000000ecd70000,0x00000000ed00c6f8,0x00000000ed010000)
  to   space 2688K, 0% used [0x00000000ecad0000,0x00000000ecad0000,0x00000000ecd70000)
 ParOldGen       total 43712K, used 489K [0x00000000c0000000, 0x00000000c2ab0000, 0x00000000eaab0000)
  object space 43712K, 1% used [0x00000000c0000000,0x00000000c007a708,0x00000000c2ab0000)
 PSPermGen       total 21248K, used 15930K [0x00000000bae00000, 0x00000000bc2c0000, 0x00000000c0000000)
  object space 21248K, 74% used [0x00000000bae00000,0x00000000bbd8eaa0,0x00000000bc2c0000)
Event: 2.736 GC heap after
Heap after GC invocations=5 (full 0):
 PSYoungGen      total 35584K, used 2657K [0x00000000eaab0000, 0x00000000ef2f0000, 0x0000000100000000)
  eden space 32896K, 0% used [0x00000000eaab0000,0x00000000eaab0000,0x00000000ecad0000)
  from space 2688K, 98% used [0x00000000ecad0000,0x00000000ecd68708,0x00000000ecd70000)
  to   space 4096K, 0% used [0x00000000eeef0000,0x00000000eeef0000,0x00000000ef2f0000)
 ParOldGen       total 43712K, used 2118K [0x00000000c0000000, 0x00000000c2ab0000, 0x00000000eaab0000)
  object space 43712K, 4% used [0x00000000c0000000,0x00000000c0211948,0x00000000c2ab0000)
 PSPermGen       total 21248K, used 15930K [0x00000000bae00000, 0x00000000bc2c0000, 0x00000000c0000000)
  object space 21248K, 74% used [0x00000000bae00000,0x00000000bbd8eaa0,0x00000000bc2c0000)
}
Event: 2.798 GC heap before
{Heap before GC invocations=6 (full 0):
 PSYoungGen      total 35584K, used 35553K [0x00000000eaab0000, 0x00000000ef2f0000, 0x0000000100000000)
  eden space 32896K, 100% used [0x00000000eaab0000,0x00000000ecad0000,0x00000000ecad0000)
  from space 2688K, 98% used [0x00000000ecad0000,0x00000000ecd68708,0x00000000ecd70000)
  to   space 4096K, 0% used [0x00000000eeef0000,0x00000000eeef0000,0x00000000ef2f0000)
 ParOldGen       total 43712K, used 2118K [0x00000000c0000000, 0x00000000c2ab0000, 0x00000000eaab0000)
  object space 43712K, 4% used [0x00000000c0000000,0x00000000c0211948,0x00000000c2ab0000)
 PSPermGen       total 21248K, used 15931K [0x00000000bae00000, 0x00000000bc2c0000, 0x00000000c0000000)
  object space 21248K, 74% used [0x00000000bae00000,0x00000000bbd8ec50,0x00000000bc2c0000)
Event: 2.810 GC heap after
Heap after GC invocations=6 (full 0):
 PSYoungGen      total 69760K, used 2673K [0x00000000eaab0000, 0x00000000ef2d0000, 0x0000000100000000)
  eden space 65792K, 0% used [0x00000000eaab0000,0x00000000eaab0000,0x00000000eeaf0000)
  from space 3968K, 67% used [0x00000000eeef0000,0x00000000ef18c6f8,0x00000000ef2d0000)
  to   space 4032K, 0% used [0x00000000eeaf0000,0x00000000eeaf0000,0x00000000eeee0000)
 ParOldGen       total 43712K, used 2126K [0x00000000c0000000, 0x00000000c2ab0000, 0x00000000eaab0000)
  object space 43712K, 4% used [0x00000000c0000000,0x00000000c0213948,0x00000000c2ab0000)
 PSPermGen       total 21248K, used 15931K [0x00000000bae00000, 0x00000000bc2c0000, 0x00000000c0000000)
  object space 21248K, 74% used [0x00000000bae00000,0x00000000bbd8ec50,0x00000000bc2c0000)
}

